<?xml version="1.0" encoding="UTF-8"?>
<!-- Generated by org.testng.reporters.JUnitReportReporter -->
<testsuite skipped="0" hostname="aa-PC" name="seleniumTopics.MavenDemo_1" tests="1" failures="0" timestamp="01 Aug 2019 13:19:31 GMT" time="0.022" errors="0">
  <testcase name="MavenDemo1" time="0.022" classname="seleniumTopics.MavenDemo_1"/>
</testsuite> <!-- seleniumTopics.MavenDemo_1 -->
