<?xml version="1.0" encoding="UTF-8"?>
<!-- Generated by org.testng.reporters.JUnitReportReporter -->
<testsuite skipped="0" hostname="aa-PC" name="seleniumTopics.getVSnavigate" tests="1" failures="0" timestamp="11 Aug 2019 08:36:17 GMT" time="39.108" errors="0">
  <testcase name="f" time="39.108" classname="seleniumTopics.getVSnavigate"/>
</testsuite> <!-- seleniumTopics.getVSnavigate -->
