<?xml version="1.0" encoding="UTF-8"?>
<!-- Generated by org.testng.reporters.JUnitReportReporter -->
<testsuite hostname="aa-PC" name="seleniumTopics.frameHandling" tests="1" failures="0" timestamp="18 Aug 2019 07:04:09 GMT" time="23.161" errors="0">
  <testcase name="f" time="23.161" classname="seleniumTopics.frameHandling"/>
</testsuite> <!-- seleniumTopics.frameHandling -->
