<?xml version="1.0" encoding="UTF-8"?>
<!-- Generated by org.testng.reporters.JUnitReportReporter -->
<testsuite skipped="0" hostname="aa-PC" name="seleniumTopics.TestNGExpectedException" tests="1" failures="0" timestamp="15 Aug 2019 06:30:01 GMT" time="0.041" errors="0">
  <testcase name="f" time="0.041" classname="seleniumTopics.TestNGExpectedException"/>
</testsuite> <!-- seleniumTopics.TestNGExpectedException -->
