<?xml version="1.0" encoding="UTF-8"?>
<!-- Generated by org.testng.reporters.JUnitReportReporter -->
<testsuite hostname="aa-PC" name="seleniumTopics.alertHandling" tests="1" failures="0" timestamp="15 Aug 2019 17:26:01 GMT" time="40.796" errors="0">
  <testcase name="f" time="40.796" classname="seleniumTopics.alertHandling"/>
</testsuite> <!-- seleniumTopics.alertHandling -->
