<?xml version="1.0" encoding="UTF-8"?>
<!-- Generated by org.testng.reporters.JUnitReportReporter -->
<testsuite hostname="aa-PC" name="seleniumTopics.windowHandling" tests="1" failures="0" timestamp="18 Aug 2019 06:40:31 GMT" time="39.999" errors="0">
  <testcase name="f" time="39.999" classname="seleniumTopics.windowHandling"/>
</testsuite> <!-- seleniumTopics.windowHandling -->
