<?xml version="1.0" encoding="UTF-8"?>
<!-- Generated by org.testng.reporters.JUnitReportReporter -->
<testsuite skipped="0" hostname="aa-PC" name="seleniumTopics.webTableHandling" tests="1" failures="0" timestamp="10 Aug 2019 18:37:43 GMT" time="12.421" errors="0">
  <testcase name="f" time="12.421" classname="seleniumTopics.webTableHandling"/>
</testsuite> <!-- seleniumTopics.webTableHandling -->
