<?xml version="1.0" encoding="UTF-8"?>
<!-- Generated by org.testng.reporters.JUnitReportReporter -->
<testsuite skipped="0" hostname="aa-PC" name="seleniumTopics.authenticationPopupHandling" tests="1" failures="0" timestamp="10 Aug 2019 18:46:47 GMT" time="12.614" errors="0">
  <testcase name="f" time="12.614" classname="seleniumTopics.authenticationPopupHandling"/>
</testsuite> <!-- seleniumTopics.authenticationPopupHandling -->
