<?xml version="1.0" encoding="UTF-8"?>
<!-- Generated by org.testng.reporters.JUnitReportReporter -->
<testsuite skipped="0" hostname="aa-PC" name="seleniumTopics.ImplicitWait" tests="1" failures="0" timestamp="13 Aug 2019 15:18:38 GMT" time="8.785" errors="0">
  <testcase name="f" time="8.785" classname="seleniumTopics.ImplicitWait"/>
</testsuite> <!-- seleniumTopics.ImplicitWait -->
