<?xml version="1.0" encoding="UTF-8"?>
<!-- Generated by org.testng.reporters.JUnitReportReporter -->
<testsuite skipped="0" hostname="aa-PC" name="seleniumTopics.TestNGInvocationCount" tests="5" failures="0" timestamp="15 Aug 2019 06:32:58 GMT" time="0.046" errors="0">
  <testcase name="f" time="0.036" classname="seleniumTopics.TestNGInvocationCount"/>
  <testcase name="f" time="0.002" classname="seleniumTopics.TestNGInvocationCount"/>
  <testcase name="f" time="0.003" classname="seleniumTopics.TestNGInvocationCount"/>
  <testcase name="f" time="0.002" classname="seleniumTopics.TestNGInvocationCount"/>
  <testcase name="f" time="0.003" classname="seleniumTopics.TestNGInvocationCount"/>
</testsuite> <!-- seleniumTopics.TestNGInvocationCount -->
