<?xml version="1.0" encoding="UTF-8"?>
<!-- Generated by org.testng.reporters.JUnitReportReporter -->
<testsuite hostname="aa-PC" name="seleniumTopics.parallal_Testing" tests="2" failures="0" timestamp="18 Aug 2019 15:16:31 GMT" time="29.214" errors="0">
  <testcase name="TestCase_2" time="15.099" classname="seleniumTopics.parallal_Testing"/>
  <testcase name="TestCase_1" time="14.115" classname="seleniumTopics.parallal_Testing"/>
</testsuite> <!-- seleniumTopics.parallal_Testing -->
