<?xml version="1.0" encoding="UTF-8"?>
<!-- Generated by org.testng.reporters.JUnitReportReporter -->
<testsuite skipped="0" hostname="aa-PC" name="seleniumTopics.mouseANDKeyboardHandling" tests="1" failures="0" timestamp="10 Aug 2019 07:46:17 GMT" time="106.817" errors="0">
  <testcase name="f" time="106.817" classname="seleniumTopics.mouseANDKeyboardHandling"/>
</testsuite> <!-- seleniumTopics.mouseANDKeyboardHandling -->
