<?xml version="1.0" encoding="UTF-8"?>
<!-- Generated by org.testng.reporters.JUnitReportReporter -->
<testsuite skipped="0" hostname="aa-PC" name="seleniumTopics.ExplicitWait" tests="1" failures="0" timestamp="13 Aug 2019 15:07:40 GMT" time="10.014" errors="0">
  <testcase name="f" time="10.014" classname="seleniumTopics.ExplicitWait"/>
</testsuite> <!-- seleniumTopics.ExplicitWait -->
