<?xml version="1.0" encoding="UTF-8"?>
<!-- Generated by org.testng.reporters.JUnitReportReporter -->
<testsuite skipped="0" hostname="aa-PC" name="seleniumTopics.screenShot" tests="1" failures="0" timestamp="11 Aug 2019 08:13:14 GMT" time="11.821" errors="0">
  <testcase name="Test" time="11.821" classname="seleniumTopics.screenShot"/>
</testsuite> <!-- seleniumTopics.screenShot -->
