<?xml version="1.0" encoding="UTF-8"?>
<!-- Generated by org.testng.reporters.JUnitReportReporter -->
<testsuite skipped="0" hostname="aa-PC" name="seleniumTopics.TestNGPriorty" tests="6" failures="0" timestamp="14 Aug 2019 16:33:56 GMT" time="0.057" errors="0">
  <testcase name="TestCase6" time="0.029" classname="seleniumTopics.TestNGPriorty"/>
  <testcase name="TestCase5" time="0.003" classname="seleniumTopics.TestNGPriorty"/>
  <testcase name="TestCase4" time="0.012" classname="seleniumTopics.TestNGPriorty"/>
  <testcase name="TestCase3" time="0.006" classname="seleniumTopics.TestNGPriorty"/>
  <testcase name="TestCase1" time="0.003" classname="seleniumTopics.TestNGPriorty"/>
  <testcase name="TestCase2" time="0.004" classname="seleniumTopics.TestNGPriorty"/>
</testsuite> <!-- seleniumTopics.TestNGPriorty -->
