<?xml version="1.0" encoding="UTF-8"?>
<!-- Generated by org.testng.reporters.JUnitReportReporter -->
<testsuite hostname="aa-PC" name="seleniumTopics.TestNGGroups" tests="4" failures="0" timestamp="18 Aug 2019 14:55:36 GMT" time="0.078" errors="0">
  <testcase name="CRMPROLoginPageTest" time="0.002" classname="seleniumTopics.TestNGGroups"/>
  <testcase name="SwitchToIframe" time="0.069" classname="seleniumTopics.TestNGGroups"/>
  <testcase name="CRMPROHomePageTest" time="0.003" classname="seleniumTopics.TestNGGroups"/>
  <testcase name="CRMPROTaskTest" time="0.004" classname="seleniumTopics.TestNGGroups"/>
</testsuite> <!-- seleniumTopics.TestNGGroups -->
