<?xml version="1.0" encoding="UTF-8"?>
<!-- Generated by org.testng.reporters.JUnitReportReporter -->
<testsuite skipped="0" hostname="aa-PC" name="seleniumTopics.MavenDemo_2" tests="1" failures="0" timestamp="15 Aug 2019 08:36:11 GMT" time="0.003" errors="0">
  <testcase name="MavenDemo2" time="0.003" classname="seleniumTopics.MavenDemo_2"/>
</testsuite> <!-- seleniumTopics.MavenDemo_2 -->
