<?xml version="1.0" encoding="UTF-8"?>
<!-- Generated by org.testng.reporters.JUnitReportReporter -->
<testsuite skipped="0" hostname="aa-PC" name="seleniumTopics.TestNGParameters" tests="1" failures="0" timestamp="15 Aug 2019 08:37:03 GMT" time="41.417" errors="0">
  <testcase name="Params" time="41.417" classname="seleniumTopics.TestNGParameters"/>
</testsuite> <!-- seleniumTopics.TestNGParameters -->
