<?xml version="1.0" encoding="UTF-8"?>
<!-- Generated by org.testng.reporters.JUnitReportReporter -->
<testsuite hostname="aa-PC" name="seleniumTopics.WindowDimension" tests="1" failures="0" timestamp="17 Aug 2019 20:14:16 GMT" time="13.774" errors="0">
  <testcase name="f" time="13.774" classname="seleniumTopics.WindowDimension"/>
</testsuite> <!-- seleniumTopics.WindowDimension -->
