<?xml version="1.0" encoding="UTF-8"?>
<!-- Generated by org.testng.reporters.JUnitReportReporter -->
<testsuite skipped="0" hostname="aa-PC" name="seleniumTopics.quitVSClose" tests="1" failures="0" timestamp="09 Aug 2019 18:12:48 GMT" time="21.180" errors="0">
  <testcase name="f" time="21.180" classname="seleniumTopics.quitVSClose"/>
</testsuite> <!-- seleniumTopics.quitVSClose -->
