<?xml version="1.0" encoding="UTF-8"?>
<!-- Generated by org.testng.reporters.JUnitReportReporter -->
<testsuite skipped="0" hostname="aa-PC" name="seleniumTopics.locator" tests="1" failures="0" timestamp="10 Aug 2019 16:10:12 GMT" time="22.274" errors="0">
  <testcase name="f" time="22.274" classname="seleniumTopics.locator"/>
</testsuite> <!-- seleniumTopics.locator -->
