<?xml version="1.0" encoding="UTF-8"?>
<!-- Generated by org.testng.reporters.JUnitReportReporter -->
<testsuite skipped="0" hostname="aa-PC" name="seleniumTopics.TestNGBasic" tests="2" failures="0" timestamp="14 Aug 2019 17:09:05 GMT" time="0.031" errors="0">
  <testcase name="Test1" time="0.017" classname="seleniumTopics.TestNGBasic"/>
  <testcase name="Test2" time="0.014" classname="seleniumTopics.TestNGBasic"/>
</testsuite> <!-- seleniumTopics.TestNGBasic -->
