<?xml version="1.0" encoding="UTF-8"?>
<!-- Generated by org.testng.reporters.JUnitReportReporter -->
<testsuite skipped="0" hostname="aa-PC" name="seleniumTopics.SoftVsHardAssert" tests="2" failures="0" timestamp="13 Aug 2019 16:38:09 GMT" time="18.906" errors="0">
  <testcase name="Test1" time="8.202" classname="seleniumTopics.SoftVsHardAssert"/>
  <testcase name="Test2" time="10.704" classname="seleniumTopics.SoftVsHardAssert"/>
</testsuite> <!-- seleniumTopics.SoftVsHardAssert -->
