<?xml version="1.0" encoding="UTF-8"?>
<!-- Generated by org.testng.reporters.JUnitReportReporter -->
<testsuite skipped="0" hostname="aa-PC" name="seleniumTopics.javaScriptExecutor" tests="1" failures="0" timestamp="10 Aug 2019 16:11:16 GMT" time="48.609" errors="0">
  <testcase name="f" time="48.609" classname="seleniumTopics.javaScriptExecutor"/>
</testsuite> <!-- seleniumTopics.javaScriptExecutor -->
