<?xml version="1.0" encoding="UTF-8"?>
<!-- Generated by org.testng.reporters.JUnitReportReporter -->
<testsuite skipped="0" hostname="aa-PC" name="seleniumTopics.Sendkeys" tests="1" failures="0" timestamp="11 Aug 2019 08:30:23 GMT" time="11.740" errors="0">
  <testcase name="f" time="11.740" classname="seleniumTopics.Sendkeys"/>
</testsuite> <!-- seleniumTopics.Sendkeys -->
