<?xml version="1.0" encoding="UTF-8"?>
<!-- Generated by org.testng.reporters.JUnitReportReporter -->
<testsuite skipped="0" hostname="aa-PC" name="seleniumTopics.dropdownHandling" tests="1" failures="0" timestamp="09 Aug 2019 19:18:18 GMT" time="58.870" errors="0">
  <testcase name="f" time="58.870" classname="seleniumTopics.dropdownHandling"/>
</testsuite> <!-- seleniumTopics.dropdownHandling -->
